<?xml version="1.0" encoding="UTF-8"?>
<testng-results skipped="0" failed="0" ignored="0" total="2" passed="2">
  <reporter-output>
  </reporter-output>
  <suite name="Finance" duration-ms="38668" started-at="2018-10-01T15:24:21Z" finished-at="2018-10-01T15:25:00Z">
    <groups>
    </groups>
    <test name="Finance" duration-ms="38668" started-at="2018-10-01T15:24:21Z" finished-at="2018-10-01T15:25:00Z">
      <class name="FinanceTest">
        <test-method status="PASS" signature="testFinance()[pri:0, instance:FinanceTest@2a03d65c]" name="testFinance" duration-ms="38439" started-at="2018-10-01T15:24:22Z" finished-at="2018-10-01T15:25:00Z">
          <reporter-output>
          </reporter-output>
        </test-method> <!-- testFinance -->
        <test-method status="PASS" signature="testFinance2()[pri:0, instance:FinanceTest@2a03d65c]" name="testFinance2" duration-ms="4" started-at="2018-10-01T15:25:00Z" finished-at="2018-10-01T15:25:00Z">
          <reporter-output>
          </reporter-output>
        </test-method> <!-- testFinance2 -->
      </class> <!-- FinanceTest -->
    </test> <!-- Finance -->
  </suite> <!-- Finance -->
</testng-results>
